# JRE version: OpenJDK Runtime Environment Temurin-21.0.9+10 (21.0.9+10) (build 21.0.9+10-LTS)
# Java VM: OpenJDK 64-Bit Server VM Temurin-21.0.9+10 (21.0.9+10-LTS, mixed mode, sharing, tiered, compressed oops, compressed class ptrs, parallel gc, windows-amd64)
GC Precious Log:
 CardTable entry size: 512
 CPUs: 6 total, 6 available
 Memory: 32710M
 Large Page Support: Disabled
 NUMA Support: Disabled
 Compressed Oops: Enabled (32-bit)
 Alignments: Space 512K, Generation 512K, Heap 2M
 Heap Min Capacity: 100M
 Heap Initial Capacity: 100M
 Heap Max Capacity: 2G
 Pre-touch: Disabled
 Parallel Workers: 6
Heap:
 PSYoungGen      total 2560K, used 2163K [0x00000000d5580000, 0x00000000d5980000, 0x0000000100000000)
  eden space 1024K, 100% used [0x00000000d5580000,0x00000000d5680000,0x00000000d5680000)
  from space 1536K, 74% used [0x00000000d5680000,0x00000000d579cfd0,0x00000000d5800000)
  to   space 1536K, 71% used [0x00000000d5800000,0x00000000d5913f18,0x00000000d5980000)
 ParOldGen       total 388608K, used 388256K [0x0000000080000000, 0x0000000097b80000, 0x00000000d5580000)
  object space 388608K, 99% used [0x0000000080000000,0x0000000097b282c8,0x0000000097b80000)
 Metaspace       used 64854K, committed 66304K, reserved 1114112K
  class space    used 6987K, committed 7616K, reserved 1048576K
GC Heap History (20 events):
Event: 10.563 GC heap after
{Heap after GC invocations=395 (full 3):
 PSYoungGen      total 2048K, used 1011K [0x00000000d5580000, 0x00000000d5b80000, 0x0000000100000000)
  eden space 1024K, 0% used [0x00000000d5580000,0x00000000d5580000,0x00000000d5680000)
  from space 1024K, 98% used [0x00000000d5a80000,0x00000000d5b7cdb0,0x00000000d5b80000)
  to   space 2560K, 0% used [0x00000000d5680000,0x00000000d5680000,0x00000000d5900000)
 ParOldGen       total 376832K, used 376499K [0x0000000080000000, 0x0000000097000000, 0x00000000d5580000)
  object space 376832K, 99% used [0x0000000080000000,0x0000000096facc50,0x0000000097000000)
 Metaspace       used 64854K, committed 66304K, reserved 1114112K
  class space    used 6987K, committed 7616K, reserved 1048576K
}
Event: 10.574 GC heap before
{Heap before GC invocations=396 (full 3):
 PSYoungGen      total 2048K, used 2035K [0x00000000d5580000, 0x00000000d5b80000, 0x0000000100000000)
  eden space 1024K, 100% used [0x00000000d5580000,0x00000000d5680000,0x00000000d5680000)
  from space 1024K, 98% used [0x00000000d5a80000,0x00000000d5b7cdb0,0x00000000d5b80000)
  to   space 2560K, 0% used [0x00000000d5680000,0x00000000d5680000,0x00000000d5900000)
 ParOldGen       total 376832K, used 376499K [0x0000000080000000, 0x0000000097000000, 0x00000000d5580000)
  object space 376832K, 99% used [0x0000000080000000,0x0000000096facc50,0x0000000097000000)
 Metaspace       used 64854K, committed 66304K, reserved 1114112K
  class space    used 6987K, committed 7616K, reserved 1048576K
}
Event: 10.575 GC heap after
{Heap after GC invocations=396 (full 3):
 PSYoungGen      total 3584K, used 1103K [0x00000000d5580000, 0x00000000d5b00000, 0x0000000100000000)
  eden space 1024K, 0% used [0x00000000d5580000,0x00000000d5580000,0x00000000d5680000)
  from space 2560K, 43% used [0x00000000d5680000,0x00000000d5793f18,0x00000000d5900000)
  to   space 1536K, 0% used [0x00000000d5980000,0x00000000d5980000,0x00000000d5b00000)
 ParOldGen       total 377856K, used 377527K [0x0000000080000000, 0x0000000097100000, 0x00000000d5580000)
  object space 377856K, 99% used [0x0000000080000000,0x00000000970aded8,0x0000000097100000)
 Metaspace       used 64854K, committed 66304K, reserved 1114112K
  class space    used 6987K, committed 7616K, reserved 1048576K
}
Event: 10.588 GC heap before
{Heap before GC invocations=397 (full 3):
 PSYoungGen      total 3584K, used 2127K [0x00000000d5580000, 0x00000000d5b00000, 0x0000000100000000)
  eden space 1024K, 100% used [0x00000000d5580000,0x00000000d5680000,0x00000000d5680000)
  from space 2560K, 43% used [0x00000000d5680000,0x00000000d5793f18,0x00000000d5900000)
  to   space 1536K, 0% used [0x00000000d5980000,0x00000000d5980000,0x00000000d5b00000)
 ParOldGen       total 377856K, used 377527K [0x0000000080000000, 0x0000000097100000, 0x00000000d5580000)
  object space 377856K, 99% used [0x0000000080000000,0x00000000970aded8,0x0000000097100000)
 Metaspace       used 64854K, committed 66304K, reserved 1114112K
  class space    used 6987K, committed 7616K, reserved 1048576K
}
Event: 10.589 GC heap after
{Heap after GC invocations=397 (full 3):
 PSYoungGen      total 2560K, used 1071K [0x00000000d5580000, 0x00000000d5b00000, 0x0000000100000000)
  eden space 1024K, 0% used [0x00000000d5580000,0x00000000d5580000,0x00000000d5680000)
  from space 1536K, 69% used [0x00000000d5980000,0x00000000d5a8bf18,0x00000000d5b00000)
  to   space 1536K, 0% used [0x00000000d5800000,0x00000000d5800000,0x00000000d5980000)
 ParOldGen       total 378880K, used 378563K [0x0000000080000000, 0x0000000097200000, 0x00000000d5580000)
  object space 378880K, 99% used [0x0000000080000000,0x00000000971b0d88,0x0000000097200000)
 Metaspace       used 64854K, committed 66304K, reserved 1114112K
  class space    used 6987K, committed 7616K, reserved 1048576K
}
Event: 10.600 GC heap before
{Heap before GC invocations=398 (full 3):
 PSYoungGen      total 2560K, used 1997K [0x00000000d5580000, 0x00000000d5b00000, 0x0000000100000000)
  eden space 1024K, 90% used [0x00000000d5580000,0x00000000d56677f0,0x00000000d5680000)
  from space 1536K, 69% used [0x00000000d5980000,0x00000000d5a8bf18,0x00000000d5b00000)
  to   space 1536K, 0% used [0x00000000d5800000,0x00000000d5800000,0x00000000d5980000)
 ParOldGen       total 378880K, used 378563K [0x0000000080000000, 0x0000000097200000, 0x00000000d5580000)
  object space 378880K, 99% used [0x0000000080000000,0x00000000971b0d88,0x0000000097200000)
 Metaspace       used 64854K, committed 66304K, reserved 1114112K
  class space    used 6987K, committed 7616K, reserved 1048576K
}
Event: 10.601 GC heap after
{Heap after GC invocations=398 (full 3):
 PSYoungGen      total 2048K, used 1011K [0x00000000d5580000, 0x00000000d5a00000, 0x0000000100000000)
  eden space 1024K, 0% used [0x00000000d5580000,0x00000000d5580000,0x00000000d5680000)
  from space 1024K, 98% used [0x00000000d5800000,0x00000000d58fcfd0,0x00000000d5900000)
  to   space 1024K, 0% used [0x00000000d5900000,0x00000000d5900000,0x00000000d5a00000)
 ParOldGen       total 379904K, used 379597K [0x0000000080000000, 0x0000000097300000, 0x00000000d5580000)
  object space 379904K, 99% used [0x0000000080000000,0x00000000972b3740,0x0000000097300000)
 Metaspace       used 64854K, committed 66304K, reserved 1114112K
  class space    used 6987K, committed 7616K, reserved 1048576K
}
Event: 10.610 GC heap before
{Heap before GC invocations=399 (full 3):
 PSYoungGen      total 2048K, used 2035K [0x00000000d5580000, 0x00000000d5a00000, 0x0000000100000000)
  eden space 1024K, 100% used [0x00000000d5580000,0x00000000d5680000,0x00000000d5680000)
  from space 1024K, 98% used [0x00000000d5800000,0x00000000d58fcfd0,0x00000000d5900000)
  to   space 1024K, 0% used [0x00000000d5900000,0x00000000d5900000,0x00000000d5a00000)
 ParOldGen       total 379904K, used 379597K [0x0000000080000000, 0x0000000097300000, 0x00000000d5580000)
  object space 379904K, 99% used [0x0000000080000000,0x00000000972b3740,0x0000000097300000)
 Metaspace       used 64854K, committed 66304K, reserved 1114112K
  class space    used 6987K, committed 7616K, reserved 1048576K
}
Event: 10.611 GC heap after
{Heap after GC invocations=399 (full 3):
 PSYoungGen      total 2048K, used 1024K [0x00000000d5580000, 0x00000000d5b80000, 0x0000000100000000)
  eden space 1024K, 0% used [0x00000000d5580000,0x00000000d5580000,0x00000000d5680000)
  from space 1024K, 100% used [0x00000000d5900000,0x00000000d5a00000,0x00000000d5a00000)
  to   space 2560K, 0% used [0x00000000d5680000,0x00000000d5680000,0x00000000d5900000)
 ParOldGen       total 380928K, used 380554K [0x0000000080000000, 0x0000000097400000, 0x00000000d5580000)
  object space 380928K, 99% used [0x0000000080000000,0x00000000973a2b98,0x0000000097400000)
 Metaspace       used 64854K, committed 66304K, reserved 1114112K
  class space    used 6987K, committed 7616K, reserved 1048576K
}
Event: 10.618 GC heap before
{Heap before GC invocations=400 (full 3):
 PSYoungGen      total 2048K, used 2048K [0x00000000d5580000, 0x00000000d5b80000, 0x0000000100000000)
  eden space 1024K, 100% used [0x00000000d5580000,0x00000000d5680000,0x00000000d5680000)
  from space 1024K, 100% used [0x00000000d5900000,0x00000000d5a00000,0x00000000d5a00000)
  to   space 2560K, 0% used [0x00000000d5680000,0x00000000d5680000,0x00000000d5900000)
 ParOldGen       total 380928K, used 380554K [0x0000000080000000, 0x0000000097400000, 0x00000000d5580000)
  object space 380928K, 99% used [0x0000000080000000,0x00000000973a2b98,0x0000000097400000)
 Metaspace       used 64854K, committed 66304K, reserved 1114112K
  class space    used 6987K, committed 7616K, reserved 1048576K
}
Event: 10.619 GC heap after
{Heap after GC invocations=400 (full 3):
 PSYoungGen      total 2560K, used 1086K [0x00000000d5580000, 0x00000000d5980000, 0x0000000100000000)
  eden space 1024K, 0% used [0x00000000d5580000,0x00000000d5580000,0x00000000d5680000)
  from space 1536K, 70% used [0x00000000d5680000,0x00000000d578fa18,0x00000000d5800000)
  to   space 1536K, 0% used [0x00000000d5800000,0x00000000d5800000,0x00000000d5980000)
 ParOldGen       total 381952K, used 381570K [0x0000000080000000, 0x0000000097500000, 0x00000000d5580000)
  object space 381952K, 99% used [0x0000000080000000,0x00000000974a0b38,0x0000000097500000)
 Metaspace       used 64854K, committed 66304K, reserved 1114112K
  class space    used 6987K, committed 7616K, reserved 1048576K
}
Event: 10.630 GC heap before
{Heap before GC invocations=401 (full 3):
 PSYoungGen      total 2560K, used 2110K [0x00000000d5580000, 0x00000000d5980000, 0x0000000100000000)
  eden space 1024K, 100% used [0x00000000d5580000,0x00000000d5680000,0x00000000d5680000)
  from space 1536K, 70% used [0x00000000d5680000,0x00000000d578fa18,0x00000000d5800000)
  to   space 1536K, 0% used [0x00000000d5800000,0x00000000d5800000,0x00000000d5980000)
 ParOldGen       total 381952K, used 381570K [0x0000000080000000, 0x0000000097500000, 0x00000000d5580000)
  object space 381952K, 99% used [0x0000000080000000,0x00000000974a0b38,0x0000000097500000)
 Metaspace       used 64854K, committed 66304K, reserved 1114112K
  class space    used 6987K, committed 7616K, reserved 1048576K
}
Event: 10.631 GC heap after
{Heap after GC invocations=401 (full 3):
 PSYoungGen      total 2560K, used 1083K [0x00000000d5580000, 0x00000000d5980000, 0x0000000100000000)
  eden space 1024K, 0% used [0x00000000d5580000,0x00000000d5580000,0x00000000d5680000)
  from space 1536K, 70% used [0x00000000d5800000,0x00000000d590ef70,0x00000000d5980000)
  to   space 1536K, 0% used [0x00000000d5680000,0x00000000d5680000,0x00000000d5800000)
 ParOldGen       total 382976K, used 382618K [0x0000000080000000, 0x0000000097600000, 0x00000000d5580000)
  object space 382976K, 99% used [0x0000000080000000,0x00000000975a6a98,0x0000000097600000)
 Metaspace       used 64854K, committed 66304K, reserved 1114112K
  class space    used 6987K, committed 7616K, reserved 1048576K
}
Event: 10.639 GC heap before
{Heap before GC invocations=402 (full 3):
 PSYoungGen      total 2560K, used 2107K [0x00000000d5580000, 0x00000000d5980000, 0x0000000100000000)
  eden space 1024K, 100% used [0x00000000d5580000,0x00000000d5680000,0x00000000d5680000)
  from space 1536K, 70% used [0x00000000d5800000,0x00000000d590ef70,0x00000000d5980000)
  to   space 1536K, 0% used [0x00000000d5680000,0x00000000d5680000,0x00000000d5800000)
 ParOldGen       total 382976K, used 382618K [0x0000000080000000, 0x0000000097600000, 0x00000000d5580000)
  object space 382976K, 99% used [0x0000000080000000,0x00000000975a6a98,0x0000000097600000)
 Metaspace       used 64854K, committed 66304K, reserved 1114112K
  class space    used 6987K, committed 7616K, reserved 1048576K
}
Event: 10.641 GC heap after
{Heap after GC invocations=402 (full 3):
 PSYoungGen      total 2560K, used 1171K [0x00000000d5580000, 0x00000000d5980000, 0x0000000100000000)
  eden space 1024K, 0% used [0x00000000d5580000,0x00000000d5580000,0x00000000d5680000)
  from space 1536K, 76% used [0x00000000d5680000,0x00000000d57a4fd0,0x00000000d5800000)
  to   space 1536K, 0% used [0x00000000d5800000,0x00000000d5800000,0x00000000d5980000)
 ParOldGen       total 384000K, used 383653K [0x0000000080000000, 0x0000000097700000, 0x00000000d5580000)
  object space 384000K, 99% used [0x0000000080000000,0x00000000976a9408,0x0000000097700000)
 Metaspace       used 64854K, committed 66304K, reserved 1114112K
  class space    used 6987K, committed 7616K, reserved 1048576K
}
Event: 10.655 GC heap before
{Heap before GC invocations=403 (full 3):
 PSYoungGen      total 2560K, used 2195K [0x00000000d5580000, 0x00000000d5980000, 0x0000000100000000)
  eden space 1024K, 100% used [0x00000000d5580000,0x00000000d5680000,0x00000000d5680000)
  from space 1536K, 76% used [0x00000000d5680000,0x00000000d57a4fd0,0x00000000d5800000)
  to   space 1536K, 0% used [0x00000000d5800000,0x00000000d5800000,0x00000000d5980000)
 ParOldGen       total 384000K, used 383653K [0x0000000080000000, 0x0000000097700000, 0x00000000d5580000)
  object space 384000K, 99% used [0x0000000080000000,0x00000000976a9408,0x0000000097700000)
 Metaspace       used 64854K, committed 66304K, reserved 1114112K
  class space    used 6987K, committed 7616K, reserved 1048576K
}
Event: 10.656 GC heap after
{Heap after GC invocations=403 (full 3):
 PSYoungGen      total 2560K, used 1095K [0x00000000d5580000, 0x00000000d5980000, 0x0000000100000000)
  eden space 1024K, 0% used [0x00000000d5580000,0x00000000d5580000,0x00000000d5680000)
  from space 1536K, 71% used [0x00000000d5800000,0x00000000d5911fa0,0x00000000d5980000)
  to   space 1536K, 0% used [0x00000000d5680000,0x00000000d5680000,0x00000000d5800000)
 ParOldGen       total 385024K, used 384687K [0x0000000080000000, 0x0000000097800000, 0x00000000d5580000)
  object space 385024K, 99% used [0x0000000080000000,0x00000000977abe70,0x0000000097800000)
 Metaspace       used 64854K, committed 66304K, reserved 1114112K
  class space    used 6987K, committed 7616K, reserved 1048576K
}
Event: 10.669 GC heap before
{Heap before GC invocations=404 (full 3):
 PSYoungGen      total 2560K, used 2119K [0x00000000d5580000, 0x00000000d5980000, 0x0000000100000000)
  eden space 1024K, 100% used [0x00000000d5580000,0x00000000d5680000,0x00000000d5680000)
  from space 1536K, 71% used [0x00000000d5800000,0x00000000d5911fa0,0x00000000d5980000)
  to   space 1536K, 0% used [0x00000000d5680000,0x00000000d5680000,0x00000000d5800000)
 ParOldGen       total 385024K, used 384687K [0x0000000080000000, 0x0000000097800000, 0x00000000d5580000)
  object space 385024K, 99% used [0x0000000080000000,0x00000000977abe70,0x0000000097800000)
 Metaspace       used 64854K, committed 66304K, reserved 1114112K
  class space    used 6987K, committed 7616K, reserved 1048576K
}
Event: 10.671 GC heap after
{Heap after GC invocations=404 (full 3):
 PSYoungGen      total 2560K, used 1139K [0x00000000d5580000, 0x00000000d5980000, 0x0000000100000000)
  eden space 1024K, 0% used [0x00000000d5580000,0x00000000d5580000,0x00000000d5680000)
  from space 1536K, 74% used [0x00000000d5680000,0x00000000d579cfd0,0x00000000d5800000)
  to   space 1536K, 0% used [0x00000000d5800000,0x00000000d5800000,0x00000000d5980000)
 ParOldGen       total 386048K, used 385708K [0x0000000080000000, 0x0000000097900000, 0x00000000d5580000)
  object space 386048K, 99% used [0x0000000080000000,0x00000000978ab350,0x0000000097900000)
 Metaspace       used 64854K, committed 66304K, reserved 1114112K
  class space    used 6987K, committed 7616K, reserved 1048576K
}
Event: 10.689 GC heap before
{Heap before GC invocations=405 (full 3):
 PSYoungGen      total 2560K, used 2163K [0x00000000d5580000, 0x00000000d5980000, 0x0000000100000000)
  eden space 1024K, 100% used [0x00000000d5580000,0x00000000d5680000,0x00000000d5680000)
  from space 1536K, 74% used [0x00000000d5680000,0x00000000d579cfd0,0x00000000d5800000)
  to   space 1536K, 0% used [0x00000000d5800000,0x00000000d5800000,0x00000000d5980000)
 ParOldGen       total 388096K, used 387220K [0x0000000080000000, 0x0000000097b00000, 0x00000000d5580000)
  object space 388096K, 99% used [0x0000000080000000,0x0000000097a25350,0x0000000097b00000)
 Metaspace       used 64854K, committed 66304K, reserved 1114112K
  class space    used 6987K, committed 7616K, reserved 1048576K
}

